debug 2025/01/16 17:29:44 {124 61}
debug 2025/01/16 17:29:44 this was called
debug 2025/01/16 17:29:44 {2025-01-16 17:29:44.208550391 +0100 CET m=+0.200499632}
debug 2025/01/16 17:29:44 {2025-01-16 17:29:44.409013229 +0100 CET m=+0.400962414}
debug 2025/01/16 17:29:44 {2025-01-16 17:29:44.609299877 +0100 CET m=+0.601249101}
debug 2025/01/16 17:29:44 {2025-01-16 17:29:44.809591175 +0100 CET m=+0.801540347}
debug 2025/01/16 17:29:45 {2025-01-16 17:29:45.009920396 +0100 CET m=+1.001869619}
debug 2025/01/16 17:29:45 {2025-01-16 17:29:45.210162663 +0100 CET m=+1.202111836}
debug 2025/01/16 17:29:45 {2025-01-16 17:29:45.410297952 +0100 CET m=+1.402247178}
debug 2025/01/16 17:29:45 {2025-01-16 17:29:45.610456851 +0100 CET m=+1.602406062}
debug 2025/01/16 17:29:45 {2025-01-16 17:29:45.810859067 +0100 CET m=+1.802808241}
debug 2025/01/16 17:29:46 {2025-01-16 17:29:46.011407212 +0100 CET m=+2.003356446}
debug 2025/01/16 17:29:46 {2025-01-16 17:29:46.212013331 +0100 CET m=+2.203962576}
debug 2025/01/16 17:29:46 {2025-01-16 17:29:46.412517168 +0100 CET m=+2.404466409}
debug 2025/01/16 17:29:46 {2025-01-16 17:29:46.612795918 +0100 CET m=+2.604745159}
debug 2025/01/16 17:29:46 {2025-01-16 17:29:46.81299102 +0100 CET m=+2.804940254}
debug 2025/01/16 17:29:47 {2025-01-16 17:29:47.013817422 +0100 CET m=+3.005766597}
debug 2025/01/16 17:29:47 {2025-01-16 17:29:47.214314676 +0100 CET m=+3.206263896}
debug 2025/01/16 17:29:47 {2025-01-16 17:29:47.41502137 +0100 CET m=+3.406970611}
debug 2025/01/16 17:29:47 {2025-01-16 17:29:47.615228232 +0100 CET m=+3.607177453}
debug 2025/01/16 17:29:47 {2025-01-16 17:29:47.816130604 +0100 CET m=+3.808079852}
debug 2025/01/16 17:29:48 {2025-01-16 17:29:48.016832532 +0100 CET m=+4.008781705}
debug 2025/01/16 17:29:48 {2025-01-16 17:29:48.217306397 +0100 CET m=+4.209255644}
debug 2025/01/16 17:29:48 {2025-01-16 17:29:48.417793383 +0100 CET m=+4.409742555}
debug 2025/01/16 17:29:48 {2025-01-16 17:29:48.618242324 +0100 CET m=+4.610191499}
debug 2025/01/16 17:29:48 {2025-01-16 17:29:48.818992103 +0100 CET m=+4.810941300}
debug 2025/01/16 17:29:49 {2025-01-16 17:29:49.019521094 +0100 CET m=+5.011470269}
debug 2025/01/16 17:29:49 {2025-01-16 17:29:49.219603085 +0100 CET m=+5.211552267}
debug 2025/01/16 17:29:49 {2025-01-16 17:29:49.42042695 +0100 CET m=+5.412376191}
debug 2025/01/16 17:29:49 {2025-01-16 17:29:49.621115026 +0100 CET m=+5.613064225}
debug 2025/01/16 17:29:49 {2025-01-16 17:29:49.8220154 +0100 CET m=+5.813964572}
debug 2025/01/16 17:29:50 {2025-01-16 17:29:50.022388547 +0100 CET m=+6.014337729}
debug 2025/01/16 17:29:50 {2025-01-16 17:29:50.222989658 +0100 CET m=+6.214938833}
debug 2025/01/16 17:29:50 {2025-01-16 17:29:50.423266451 +0100 CET m=+6.415215626}
debug 2025/01/16 17:29:50 {2025-01-16 17:29:50.624061174 +0100 CET m=+6.616010348}
debug 2025/01/16 17:29:50 {2025-01-16 17:29:50.824435254 +0100 CET m=+6.816384488}
debug 2025/01/16 17:29:51 {2025-01-16 17:29:51.024981753 +0100 CET m=+7.016930949}
debug 2025/01/16 17:29:51 {2025-01-16 17:29:51.225369485 +0100 CET m=+7.217318726}
debug 2025/01/16 17:29:51 {2025-01-16 17:29:51.425568449 +0100 CET m=+7.417517624}
debug 2025/01/16 17:29:51 {2025-01-16 17:29:51.626646711 +0100 CET m=+7.618595886}
debug 2025/01/16 17:29:51 {2025-01-16 17:29:51.827739433 +0100 CET m=+7.819688679}
debug 2025/01/16 17:29:52 {2025-01-16 17:29:52.028778013 +0100 CET m=+8.020727601}
debug 2025/01/16 17:29:52 {2025-01-16 17:29:52.229768334 +0100 CET m=+8.221717557}
debug 2025/01/16 17:29:52 {2025-01-16 17:29:52.430888832 +0100 CET m=+8.422838005}
debug 2025/01/16 17:29:52 {2025-01-16 17:29:52.631957969 +0100 CET m=+8.623907216}
debug 2025/01/16 17:29:52 {2025-01-16 17:29:52.832972079 +0100 CET m=+8.824921319}
debug 2025/01/16 17:29:53 {2025-01-16 17:29:53.033141668 +0100 CET m=+9.025090841}
debug 2025/01/16 17:29:53 enter
debug 2025/01/16 17:29:53 {}
debug 2025/01/16 17:29:53 login: 124 61
debug 2025/01/16 17:29:53 {2025-01-16 17:29:53.233222086 +0100 CET m=+9.225171327}
debug 2025/01/16 17:29:53 login: 124 61
debug 2025/01/16 17:29:53 {0 2}
debug 2025/01/16 17:29:53 login: 124 61
debug 2025/01/16 17:29:54 {0 3}
debug 2025/01/16 17:29:54 login: 124 61
debug 2025/01/16 17:29:54 {0 4}
debug 2025/01/16 17:29:54 login: 124 61
debug 2025/01/16 17:29:55 {0 5}
debug 2025/01/16 17:29:55 login: 124 61
debug 2025/01/16 17:29:55 {0 6}
debug 2025/01/16 17:29:55 login: 124 61
debug 2025/01/16 17:29:56 {0 7}
debug 2025/01/16 17:29:56 login: 124 61
debug 2025/01/16 17:29:56 {0 8}
debug 2025/01/16 17:29:56 login: 124 61
debug 2025/01/16 17:29:57 {0 9}
debug 2025/01/16 17:29:57 login: 124 61
debug 2025/01/16 17:29:57 {0 10}
debug 2025/01/16 17:29:57 login: 124 61
debug 2025/01/16 17:29:58 {0 11}
debug 2025/01/16 17:29:58 login: 124 61
debug 2025/01/16 17:29:59 {0 12}
debug 2025/01/16 17:29:59 login: 124 61
debug 2025/01/16 17:29:59 tab
debug 2025/01/16 17:29:59 login: 124 61
debug 2025/01/16 17:29:59 tab
debug 2025/01/16 17:29:59 login: 124 61
debug 2025/01/16 17:29:59 {0 13}
debug 2025/01/16 17:29:59 login: 124 61
debug 2025/01/16 17:29:59 tab
debug 2025/01/16 17:29:59 login: 124 61
debug 2025/01/16 17:30:00 enter
debug 2025/01/16 17:30:00 login: 124 61
debug 2025/01/16 17:30:27 {254 61}
debug 2025/01/16 17:30:27 this was called
debug 2025/01/16 17:30:27 {2025-01-16 17:30:27.610159007 +0100 CET m=+0.200519488}
debug 2025/01/16 17:30:27 {2025-01-16 17:30:27.810525184 +0100 CET m=+0.400885656}
debug 2025/01/16 17:30:28 {2025-01-16 17:30:28.010621541 +0100 CET m=+0.600982014}
debug 2025/01/16 17:30:28 {2025-01-16 17:30:28.210943837 +0100 CET m=+0.801304414}
debug 2025/01/16 17:30:28 {2025-01-16 17:30:28.41106571 +0100 CET m=+1.001426250}
debug 2025/01/16 17:30:28 {2025-01-16 17:30:28.611932706 +0100 CET m=+1.202293181}
debug 2025/01/16 17:30:28 {2025-01-16 17:30:28.812148144 +0100 CET m=+1.402508690}
debug 2025/01/16 17:30:29 {2025-01-16 17:30:29.012627973 +0100 CET m=+1.602988444}
debug 2025/01/16 17:30:29 {2025-01-16 17:30:29.213271845 +0100 CET m=+1.803632330}
debug 2025/01/16 17:30:29 {2025-01-16 17:30:29.414019848 +0100 CET m=+2.004380318}
debug 2025/01/16 17:30:29 {2025-01-16 17:30:29.614349278 +0100 CET m=+2.204709807}
debug 2025/01/16 17:30:29 {2025-01-16 17:30:29.814769494 +0100 CET m=+2.405129972}
debug 2025/01/16 17:30:30 tab
debug 2025/01/16 17:30:30 {2025-01-16 17:30:30.014857432 +0100 CET m=+2.605217904}
debug 2025/01/16 17:30:30 {2025-01-16 17:30:30.215643431 +0100 CET m=+2.806003903}
debug 2025/01/16 17:30:30 {2025-01-16 17:30:30.415909953 +0100 CET m=+3.006270450}
debug 2025/01/16 17:30:30 {2025-01-16 17:30:30.616193843 +0100 CET m=+3.206554313}
debug 2025/01/16 17:30:30 {2025-01-16 17:30:30.816309371 +0100 CET m=+3.406669843}
debug 2025/01/16 17:30:31 {2025-01-16 17:30:31.017359422 +0100 CET m=+3.607719907}
debug 2025/01/16 17:30:31 {2025-01-16 17:30:31.218419093 +0100 CET m=+3.808779563}
debug 2025/01/16 17:30:31 {2025-01-16 17:30:31.418473498 +0100 CET m=+4.008833975}
debug 2025/01/16 17:30:31 enter
debug 2025/01/16 17:30:31 {}
debug 2025/01/16 17:30:31 login: 254 61
debug 2025/01/16 17:30:31 {2025-01-16 17:30:31.618822173 +0100 CET m=+4.209182647}
debug 2025/01/16 17:30:31 login: 254 61
debug 2025/01/16 17:30:32 {0 2}
debug 2025/01/16 17:30:32 login: 254 61
debug 2025/01/16 17:30:32 tab
debug 2025/01/16 17:30:32 login: 254 61
debug 2025/01/16 17:30:32 tab
debug 2025/01/16 17:30:32 login: 254 61
debug 2025/01/16 17:30:32 tab
debug 2025/01/16 17:30:32 login: 254 61
debug 2025/01/16 17:30:32 {0 3}
debug 2025/01/16 17:30:32 login: 254 61
debug 2025/01/16 17:30:32 tab
debug 2025/01/16 17:30:32 login: 254 61
debug 2025/01/16 17:30:33 enter
debug 2025/01/16 17:30:33 login: 254 61
debug 2025/01/16 17:30:34 ctrl+c
debug 2025/01/16 17:30:34 login: 254 61
debug 2025/01/16 17:32:00 {124 61}
debug 2025/01/16 17:32:00 this was called
debug 2025/01/16 17:32:00 {2025-01-16 17:32:00.344601001 +0100 CET m=+0.200551664}
debug 2025/01/16 17:32:00 {2025-01-16 17:32:00.545297512 +0100 CET m=+0.401248140}
debug 2025/01/16 17:32:00 {2025-01-16 17:32:00.746323698 +0100 CET m=+0.602274377}
debug 2025/01/16 17:32:00 {2025-01-16 17:32:00.947463566 +0100 CET m=+0.803414253}
debug 2025/01/16 17:32:01 {2025-01-16 17:32:01.147840872 +0100 CET m=+1.003791500}
debug 2025/01/16 17:32:01 {2025-01-16 17:32:01.348368026 +0100 CET m=+1.204318670}
debug 2025/01/16 17:32:01 {2025-01-16 17:32:01.548739027 +0100 CET m=+1.404689704}
debug 2025/01/16 17:32:01 {2025-01-16 17:32:01.749113915 +0100 CET m=+1.605064544}
debug 2025/01/16 17:32:01 {2025-01-16 17:32:01.949560206 +0100 CET m=+1.805510864}
debug 2025/01/16 17:32:02 {2025-01-16 17:32:02.149878996 +0100 CET m=+2.005829683}
debug 2025/01/16 17:32:02 {2025-01-16 17:32:02.350579585 +0100 CET m=+2.206530247}
debug 2025/01/16 17:32:02 {2025-01-16 17:32:02.550973936 +0100 CET m=+2.406924564}
debug 2025/01/16 17:32:02 {2025-01-16 17:32:02.751307896 +0100 CET m=+2.607258526}
debug 2025/01/16 17:32:02 {2025-01-16 17:32:02.951772283 +0100 CET m=+2.807722920}
debug 2025/01/16 17:32:03 {2025-01-16 17:32:03.152325856 +0100 CET m=+3.008276694}
debug 2025/01/16 17:32:03 {2025-01-16 17:32:03.352760268 +0100 CET m=+3.208710970}
debug 2025/01/16 17:32:03 {2025-01-16 17:32:03.553839807 +0100 CET m=+3.409790436}
debug 2025/01/16 17:32:03 {2025-01-16 17:32:03.754898041 +0100 CET m=+3.610848671}
debug 2025/01/16 17:32:03 ctrl+z
debug 2025/01/16 17:32:03 {2025-01-16 17:32:03.955461068 +0100 CET m=+3.811411773}
debug 2025/01/16 17:32:04 {2025-01-16 17:32:04.155924751 +0100 CET m=+4.011875382}
debug 2025/01/16 17:32:04 {2025-01-16 17:32:04.356258787 +0100 CET m=+4.212209484}
debug 2025/01/16 17:32:04 ctrl+z
debug 2025/01/16 17:32:04 {2025-01-16 17:32:04.556685018 +0100 CET m=+4.412635657}
debug 2025/01/16 17:32:04 {2025-01-16 17:32:04.756763238 +0100 CET m=+4.612713900}
debug 2025/01/16 17:32:04 ctrl+z
debug 2025/01/16 17:32:04 {2025-01-16 17:32:04.957208506 +0100 CET m=+4.813159180}
debug 2025/01/16 17:32:05 {2025-01-16 17:32:05.157647413 +0100 CET m=+5.013598039}
debug 2025/01/16 17:32:05 {2025-01-16 17:32:05.357730702 +0100 CET m=+5.213681328}
debug 2025/01/16 17:32:05 {2025-01-16 17:32:05.558846952 +0100 CET m=+5.414797599}
debug 2025/01/16 17:32:05 {2025-01-16 17:32:05.75935632 +0100 CET m=+5.615306950}
debug 2025/01/16 17:32:05 {2025-01-16 17:32:05.959707528 +0100 CET m=+5.815658156}
debug 2025/01/16 17:32:06 {2025-01-16 17:32:06.160371029 +0100 CET m=+6.016321720}
debug 2025/01/16 17:32:06 ctrl+c
debug 2025/01/16 17:32:06 {2025-01-16 17:32:06.360521339 +0100 CET m=+6.216472037}
debug 2025/01/16 17:32:06 {2025-01-16 17:32:06.561578202 +0100 CET m=+6.417528880}
debug 2025/01/16 17:32:06 {2025-01-16 17:32:06.762497906 +0100 CET m=+6.618448590}
debug 2025/01/16 17:32:06 ctrl+c
debug 2025/01/16 17:32:06 {2025-01-16 17:32:06.962880622 +0100 CET m=+6.818831250}
debug 2025/01/16 17:32:07 ctrl+c
debug 2025/01/16 17:32:07 {2025-01-16 17:32:07.163155359 +0100 CET m=+7.019105984}
debug 2025/01/16 17:32:07 {2025-01-16 17:32:07.363413342 +0100 CET m=+7.219364038}
debug 2025/01/16 17:32:07 {2025-01-16 17:32:07.563827416 +0100 CET m=+7.419778108}
debug 2025/01/16 17:32:07 {2025-01-16 17:32:07.764521941 +0100 CET m=+7.620472570}
debug 2025/01/16 17:32:07 {2025-01-16 17:32:07.965222173 +0100 CET m=+7.821172812}
debug 2025/01/16 17:32:08 {2025-01-16 17:32:08.165488869 +0100 CET m=+8.021439528}
debug 2025/01/16 17:32:08 tab
debug 2025/01/16 17:32:08 {2025-01-16 17:32:08.36625917 +0100 CET m=+8.222209799}
debug 2025/01/16 17:32:08 {2025-01-16 17:32:08.56658684 +0100 CET m=+8.422537467}
debug 2025/01/16 17:32:08 tab
debug 2025/01/16 17:32:08 {2025-01-16 17:32:08.767133137 +0100 CET m=+8.623083819}
debug 2025/01/16 17:32:08 enter
debug 2025/01/16 17:32:08 {}
debug 2025/01/16 17:32:08 login: 124 61
debug 2025/01/16 17:32:08 {2025-01-16 17:32:08.967771972 +0100 CET m=+8.823722668}
debug 2025/01/16 17:32:08 login: 124 61
debug 2025/01/16 17:32:09 enter
debug 2025/01/16 17:32:09 login: 124 61
debug 2025/01/16 17:32:09 {0 2}
debug 2025/01/16 17:32:09 login: 124 61
debug 2025/01/16 17:32:09 tab
debug 2025/01/16 17:32:09 login: 124 61
debug 2025/01/16 17:32:09 tab
debug 2025/01/16 17:32:09 login: 124 61
debug 2025/01/16 17:32:09 tab
debug 2025/01/16 17:32:09 login: 124 61
debug 2025/01/16 17:32:10 {0 3}
debug 2025/01/16 17:32:10 login: 124 61
debug 2025/01/16 17:32:10 enter
debug 2025/01/16 17:32:10 login: 124 61
debug 2025/01/16 17:32:21 {124 61}
debug 2025/01/16 17:32:21 this was called
debug 2025/01/16 17:32:21 {2025-01-16 17:32:21.317698556 +0100 CET m=+0.200484564}
debug 2025/01/16 17:32:21 {2025-01-16 17:32:21.518252008 +0100 CET m=+0.401038016}
debug 2025/01/16 17:32:21 {2025-01-16 17:32:21.718707101 +0100 CET m=+0.601493107}
debug 2025/01/16 17:32:21 {2025-01-16 17:32:21.919163249 +0100 CET m=+0.801949255}
debug 2025/01/16 17:32:22 {2025-01-16 17:32:22.119340308 +0100 CET m=+1.002126316}
debug 2025/01/16 17:32:22 ctrl+c
debug 2025/01/16 17:32:22 ctrl+c
debug 2025/01/16 17:32:22 {2025-01-16 17:32:22.320027615 +0100 CET m=+1.202813621}
debug 2025/01/16 17:32:22 ctrl+c
debug 2025/01/16 17:32:22 {2025-01-16 17:32:22.520130713 +0100 CET m=+1.402916789}
debug 2025/01/16 17:32:22 {2025-01-16 17:32:22.721163613 +0100 CET m=+1.603949621}
debug 2025/01/16 17:32:22 {2025-01-16 17:32:22.921562288 +0100 CET m=+1.804348347}
debug 2025/01/16 17:32:23 {2025-01-16 17:32:23.122722937 +0100 CET m=+2.005509011}
debug 2025/01/16 17:32:23 {2025-01-16 17:32:23.323067707 +0100 CET m=+2.205853712}
debug 2025/01/16 17:32:23 {2025-01-16 17:32:23.523301662 +0100 CET m=+2.406087737}
debug 2025/01/16 17:32:23 {2025-01-16 17:32:23.723481604 +0100 CET m=+2.606267678}
debug 2025/01/16 17:32:23 {2025-01-16 17:32:23.923999445 +0100 CET m=+2.806785452}
debug 2025/01/16 17:32:24 {2025-01-16 17:32:24.124381935 +0100 CET m=+3.007167943}
debug 2025/01/16 17:32:24 {2025-01-16 17:32:24.325496176 +0100 CET m=+3.208282256}
debug 2025/01/16 17:32:24 {2025-01-16 17:32:24.526580625 +0100 CET m=+3.409366683}
debug 2025/01/16 17:32:24 {2025-01-16 17:32:24.726848935 +0100 CET m=+3.609634940}
debug 2025/01/16 17:32:24 q
debug 2025/01/16 17:32:24 {2025-01-16 17:32:24.927134868 +0100 CET m=+3.809920874}
debug 2025/01/16 17:32:25 {2025-01-16 17:32:25.127330589 +0100 CET m=+4.010116597}
debug 2025/01/16 17:32:25 enter
debug 2025/01/16 17:32:25 {}
debug 2025/01/16 17:32:25 login: 124 61
debug 2025/01/16 17:32:25 {2025-01-16 17:32:25.328360754 +0100 CET m=+4.211146762}
debug 2025/01/16 17:32:25 login: 124 61
debug 2025/01/16 17:32:25 {0 2}
debug 2025/01/16 17:32:25 login: 124 61
debug 2025/01/16 17:32:26 tab
debug 2025/01/16 17:32:26 login: 124 61
debug 2025/01/16 17:32:26 tab
debug 2025/01/16 17:32:26 login: 124 61
debug 2025/01/16 17:32:26 {0 3}
debug 2025/01/16 17:32:26 login: 124 61
debug 2025/01/16 17:32:26 tab
debug 2025/01/16 17:32:26 login: 124 61
debug 2025/01/16 17:32:26 enter
debug 2025/01/16 17:32:26 login: 124 61
debug 2025/01/16 17:32:39 {124 61}
debug 2025/01/16 17:32:39 this was called
debug 2025/01/16 17:32:39 {2025-01-16 17:32:39.774571106 +0100 CET m=+0.200570904}
debug 2025/01/16 17:32:39 {2025-01-16 17:32:39.975450319 +0100 CET m=+0.401450121}
debug 2025/01/16 17:32:40 {2025-01-16 17:32:40.175667981 +0100 CET m=+0.601667806}
debug 2025/01/16 17:32:40 {2025-01-16 17:32:40.376422497 +0100 CET m=+0.802422254}
debug 2025/01/16 17:32:40 {2025-01-16 17:32:40.576911435 +0100 CET m=+1.002911260}
debug 2025/01/16 17:32:40 {2025-01-16 17:32:40.777694386 +0100 CET m=+1.203694143}
debug 2025/01/16 17:32:40 {2025-01-16 17:32:40.978167996 +0100 CET m=+1.404167790}
debug 2025/01/16 17:32:41 {2025-01-16 17:32:41.178650622 +0100 CET m=+1.604650376}
debug 2025/01/16 17:32:41 {2025-01-16 17:32:41.378889452 +0100 CET m=+1.804889276}
debug 2025/01/16 17:32:41 {2025-01-16 17:32:41.579134479 +0100 CET m=+2.005134238}
debug 2025/01/16 17:32:41 {2025-01-16 17:32:41.779398805 +0100 CET m=+2.205398564}
debug 2025/01/16 17:32:41 {2025-01-16 17:32:41.980221748 +0100 CET m=+2.406221504}
debug 2025/01/16 17:32:42 {2025-01-16 17:32:42.18103026 +0100 CET m=+2.607030094}
debug 2025/01/16 17:32:42 {2025-01-16 17:32:42.382127549 +0100 CET m=+2.808127363}
debug 2025/01/16 17:32:42 {2025-01-16 17:32:42.582576109 +0100 CET m=+3.008575945}
debug 2025/01/16 17:32:42 {2025-01-16 17:32:42.783023203 +0100 CET m=+3.209023032}
debug 2025/01/16 17:32:42 {2025-01-16 17:32:42.98387148 +0100 CET m=+3.409871303}
debug 2025/01/16 17:32:43 {2025-01-16 17:32:43.184460758 +0100 CET m=+3.610460554}
debug 2025/01/16 17:32:43 {2025-01-16 17:32:43.385304978 +0100 CET m=+3.811304806}
debug 2025/01/16 17:32:43 {2025-01-16 17:32:43.586111072 +0100 CET m=+4.012110830}
debug 2025/01/16 17:32:43 {2025-01-16 17:32:43.786412482 +0100 CET m=+4.212412305}
debug 2025/01/16 17:32:43 {2025-01-16 17:32:43.98695795 +0100 CET m=+4.412957765}
debug 2025/01/16 17:32:44 {2025-01-16 17:32:44.187112252 +0100 CET m=+4.613112072}
debug 2025/01/16 17:32:44 {2025-01-16 17:32:44.387268645 +0100 CET m=+4.813268453}
debug 2025/01/16 17:32:44 {2025-01-16 17:32:44.588292181 +0100 CET m=+5.014291986}
debug 2025/01/16 17:32:44 {2025-01-16 17:32:44.788765033 +0100 CET m=+5.214764789}
debug 2025/01/16 17:32:44 {2025-01-16 17:32:44.989337329 +0100 CET m=+5.415337157}
debug 2025/01/16 17:32:45 {2025-01-16 17:32:45.189953516 +0100 CET m=+5.615953345}
debug 2025/01/16 17:32:45 {2025-01-16 17:32:45.390209597 +0100 CET m=+5.816209353}
debug 2025/01/16 17:32:45 {2025-01-16 17:32:45.590564049 +0100 CET m=+6.016563866}
debug 2025/01/16 17:32:45 {2025-01-16 17:32:45.790873303 +0100 CET m=+6.216873117}
debug 2025/01/16 17:32:45 {2025-01-16 17:32:45.990988696 +0100 CET m=+6.416988451}
debug 2025/01/16 17:32:46 {2025-01-16 17:32:46.192046786 +0100 CET m=+6.618046546}
debug 2025/01/16 17:32:46 {2025-01-16 17:32:46.39277241 +0100 CET m=+6.818772212}
debug 2025/01/16 17:32:46 {2025-01-16 17:32:46.593153377 +0100 CET m=+7.019153202}
debug 2025/01/16 17:32:46 {2025-01-16 17:32:46.793495724 +0100 CET m=+7.219495485}
debug 2025/01/16 17:32:46 {2025-01-16 17:32:46.993557861 +0100 CET m=+7.419557650}
debug 2025/01/16 17:32:47 {2025-01-16 17:32:47.1944409 +0100 CET m=+7.620440654}
debug 2025/01/16 17:32:47 {2025-01-16 17:32:47.395000305 +0100 CET m=+7.821000130}
debug 2025/01/16 17:32:47 {2025-01-16 17:32:47.595607166 +0100 CET m=+8.021606920}
debug 2025/01/16 17:32:47 {2025-01-16 17:32:47.796172954 +0100 CET m=+8.222172716}
debug 2025/01/16 17:32:47 {2025-01-16 17:32:47.996519378 +0100 CET m=+8.422519186}
debug 2025/01/16 17:32:48 {2025-01-16 17:32:48.196968675 +0100 CET m=+8.622968446}
debug 2025/01/16 17:32:48 {2025-01-16 17:32:48.397514105 +0100 CET m=+8.823513933}
debug 2025/01/16 17:32:48 {2025-01-16 17:32:48.598608014 +0100 CET m=+9.024607822}
debug 2025/01/16 17:32:48 {2025-01-16 17:32:48.799350727 +0100 CET m=+9.225350572}
debug 2025/01/16 17:32:49 {2025-01-16 17:32:49.000170541 +0100 CET m=+9.426170370}
debug 2025/01/16 17:32:49 {2025-01-16 17:32:49.201198793 +0100 CET m=+9.627198625}
debug 2025/01/16 17:32:49 {2025-01-16 17:32:49.401678877 +0100 CET m=+9.827678654}
debug 2025/01/16 17:32:49 {2025-01-16 17:32:49.602538733 +0100 CET m=+10.028538488}
debug 2025/01/16 17:32:49 {2025-01-16 17:32:49.802791952 +0100 CET m=+10.228791770}
debug 2025/01/16 17:32:50 {2025-01-16 17:32:50.003230641 +0100 CET m=+10.429230431}
debug 2025/01/16 17:32:50 {2025-01-16 17:32:50.203621719 +0100 CET m=+10.629621539}
debug 2025/01/16 17:32:50 {2025-01-16 17:32:50.404025183 +0100 CET m=+10.830024939}
debug 2025/01/16 17:32:50 {2025-01-16 17:32:50.604416365 +0100 CET m=+11.030416145}
debug 2025/01/16 17:32:50 {2025-01-16 17:32:50.804881806 +0100 CET m=+11.230881563}
debug 2025/01/16 17:32:51 {2025-01-16 17:32:51.00548125 +0100 CET m=+11.431481076}
debug 2025/01/16 17:32:51 {2025-01-16 17:32:51.205886419 +0100 CET m=+11.631886242}
debug 2025/01/16 17:32:51 {2025-01-16 17:32:51.406451238 +0100 CET m=+11.832450995}
debug 2025/01/16 17:32:51 {2025-01-16 17:32:51.607161624 +0100 CET m=+12.033161447}
debug 2025/01/16 17:32:51 {2025-01-16 17:32:51.807829477 +0100 CET m=+12.233829234}
debug 2025/01/16 17:32:52 {2025-01-16 17:32:52.008278343 +0100 CET m=+12.434278136}
debug 2025/01/16 17:32:52 {2025-01-16 17:32:52.208793343 +0100 CET m=+12.634793142}
debug 2025/01/16 17:32:52 {2025-01-16 17:32:52.409355281 +0100 CET m=+12.835355104}
debug 2025/01/16 17:32:52 {2025-01-16 17:32:52.609945582 +0100 CET m=+13.035945412}
debug 2025/01/16 17:32:52 {2025-01-16 17:32:52.810605585 +0100 CET m=+13.236605392}
debug 2025/01/16 17:32:53 {2025-01-16 17:32:53.01090952 +0100 CET m=+13.436909276}
debug 2025/01/16 17:32:53 {2025-01-16 17:32:53.211031758 +0100 CET m=+13.637031563}
debug 2025/01/16 17:32:53 {2025-01-16 17:32:53.412198661 +0100 CET m=+13.838198422}
debug 2025/01/16 17:32:53 {2025-01-16 17:32:53.613309529 +0100 CET m=+14.039309283}
debug 2025/01/16 17:32:53 {2025-01-16 17:32:53.813729845 +0100 CET m=+14.239729603}
debug 2025/01/16 17:32:53 enter
debug 2025/01/16 17:32:53 {}
debug 2025/01/16 17:32:53 login: 124 61
debug 2025/01/16 17:32:54 {2025-01-16 17:32:54.013808848 +0100 CET m=+14.439808665}
debug 2025/01/16 17:32:54 login: 124 61
debug 2025/01/16 17:32:54 {0 2}
debug 2025/01/16 17:32:54 login: 124 61
debug 2025/01/16 17:32:54 tab
debug 2025/01/16 17:32:54 login: 124 61
debug 2025/01/16 17:32:54 {0 3}
debug 2025/01/16 17:32:54 login: 124 61
debug 2025/01/16 17:32:55 tab
debug 2025/01/16 17:32:55 login: 124 61
debug 2025/01/16 17:32:55 tab
debug 2025/01/16 17:32:55 login: 124 61
debug 2025/01/16 17:32:55 enter
debug 2025/01/16 17:32:55 login: 124 61
debug 2025/01/16 17:33:14 {124 61}
debug 2025/01/16 17:33:14 this was called
debug 2025/01/16 17:33:15 {2025-01-16 17:33:15.128432832 +0100 CET m=+0.200522867}
debug 2025/01/16 17:33:15 {2025-01-16 17:33:15.329103106 +0100 CET m=+0.401193144}
debug 2025/01/16 17:33:15 {2025-01-16 17:33:15.529320615 +0100 CET m=+0.601410721}
debug 2025/01/16 17:33:15 {2025-01-16 17:33:15.729741486 +0100 CET m=+0.801831584}
debug 2025/01/16 17:33:15 {2025-01-16 17:33:15.930081247 +0100 CET m=+1.002171285}
debug 2025/01/16 17:33:15 enter
debug 2025/01/16 17:33:15 {}
debug 2025/01/16 17:33:15 login: 124 61
debug 2025/01/16 17:33:16 {2025-01-16 17:33:16.130366227 +0100 CET m=+1.202456266}
debug 2025/01/16 17:33:16 login: 124 61
debug 2025/01/16 17:33:16 {0 2}
debug 2025/01/16 17:33:16 login: 124 61
debug 2025/01/16 17:33:17 {0 3}
debug 2025/01/16 17:33:17 login: 124 61
debug 2025/01/16 17:33:17 h
debug 2025/01/16 17:33:17 login: 124 61
debug 2025/01/16 17:33:17 {}
debug 2025/01/16 17:33:17 login: 124 61
debug 2025/01/16 17:33:17 e
debug 2025/01/16 17:33:17 login: 124 61
debug 2025/01/16 17:33:17 {}
debug 2025/01/16 17:33:17 login: 124 61
debug 2025/01/16 17:33:17 tab
debug 2025/01/16 17:33:17 login: 124 61
debug 2025/01/16 17:33:17 {0 6}
debug 2025/01/16 17:33:17 login: 124 61
debug 2025/01/16 17:33:18 a
debug 2025/01/16 17:33:18 login: 124 61
debug 2025/01/16 17:33:18 h
debug 2025/01/16 17:33:18 login: 124 61
debug 2025/01/16 17:33:18 {}
debug 2025/01/16 17:33:18 login: 124 61
debug 2025/01/16 17:33:18 s
debug 2025/01/16 17:33:18 login: 124 61
debug 2025/01/16 17:33:18 {}
debug 2025/01/16 17:33:18 login: 124 61
debug 2025/01/16 17:33:18 d
debug 2025/01/16 17:33:18 login: 124 61
debug 2025/01/16 17:33:18 {}
debug 2025/01/16 17:33:18 login: 124 61
debug 2025/01/16 17:33:18 alt+f
debug 2025/01/16 17:33:18 login: 124 61
debug 2025/01/16 17:33:18 alt+k
debug 2025/01/16 17:33:18 login: 124 61
debug 2025/01/16 17:33:18 {}
debug 2025/01/16 17:33:18 login: 124 61
debug 2025/01/16 17:33:18 tab
debug 2025/01/16 17:33:18 login: 124 61
debug 2025/01/16 17:33:18 {0 6}
debug 2025/01/16 17:33:18 login: 124 61
debug 2025/01/16 17:33:18 tab
debug 2025/01/16 17:33:18 login: 124 61
debug 2025/01/16 17:33:19 enter
debug 2025/01/16 17:33:19 login: 124 61
debug 2025/01/16 17:33:43 {124 61}
debug 2025/01/16 17:33:43 this was called
debug 2025/01/16 17:33:44 {2025-01-16 17:33:44.060967351 +0100 CET m=+0.200494746}
debug 2025/01/16 17:33:44 {2025-01-16 17:33:44.26137269 +0100 CET m=+0.400900155}
debug 2025/01/16 17:33:44 {2025-01-16 17:33:44.461977161 +0100 CET m=+0.601504622}
debug 2025/01/16 17:33:44 {2025-01-16 17:33:44.662792409 +0100 CET m=+0.802319804}
debug 2025/01/16 17:33:44 enter
debug 2025/01/16 17:33:44 {}
debug 2025/01/16 17:33:44 login: 124 61
debug 2025/01/16 17:33:44 {2025-01-16 17:33:44.863233006 +0100 CET m=+1.002760401}
debug 2025/01/16 17:33:44 login: 124 61
debug 2025/01/16 17:33:45 {0 2}
debug 2025/01/16 17:33:45 login: 124 61
debug 2025/01/16 17:33:45 w
debug 2025/01/16 17:33:45 login: 124 61
debug 2025/01/16 17:33:45 {}
debug 2025/01/16 17:33:45 login: 124 61
debug 2025/01/16 17:33:45 q
debug 2025/01/16 17:33:45 login: 124 61
debug 2025/01/16 17:33:45 {}
debug 2025/01/16 17:33:45 login: 124 61
debug 2025/01/16 17:33:45 e
debug 2025/01/16 17:33:45 login: 124 61
debug 2025/01/16 17:33:45 {}
debug 2025/01/16 17:33:45 login: 124 61
debug 2025/01/16 17:33:45 h
debug 2025/01/16 17:33:45 login: 124 61
debug 2025/01/16 17:33:45 {}
debug 2025/01/16 17:33:45 login: 124 61
debug 2025/01/16 17:33:45 r
debug 2025/01/16 17:33:45 login: 124 61
debug 2025/01/16 17:33:45 {}
debug 2025/01/16 17:33:45 login: 124 61
debug 2025/01/16 17:33:46 tab
debug 2025/01/16 17:33:46 login: 124 61
debug 2025/01/16 17:33:46 {0 8}
debug 2025/01/16 17:33:46 login: 124 61
debug 2025/01/16 17:33:46 h
debug 2025/01/16 17:33:46 login: 124 61
debug 2025/01/16 17:33:46 l
debug 2025/01/16 17:33:46 login: 124 61
debug 2025/01/16 17:33:46 {}
debug 2025/01/16 17:33:46 login: 124 61
debug 2025/01/16 17:33:46 w
debug 2025/01/16 17:33:46 login: 124 61
debug 2025/01/16 17:33:46 {}
debug 2025/01/16 17:33:46 login: 124 61
debug 2025/01/16 17:33:46 e
debug 2025/01/16 17:33:46 login: 124 61
debug 2025/01/16 17:33:46 {}
debug 2025/01/16 17:33:46 login: 124 61
debug 2025/01/16 17:33:46 r
debug 2025/01/16 17:33:46 login: 124 61
debug 2025/01/16 17:33:46 {}
debug 2025/01/16 17:33:46 login: 124 61
debug 2025/01/16 17:33:47 tab
debug 2025/01/16 17:33:47 login: 124 61
debug 2025/01/16 17:33:47 {0 6}
debug 2025/01/16 17:33:47 login: 124 61
debug 2025/01/16 17:33:47 tab
debug 2025/01/16 17:33:47 login: 124 61
debug 2025/01/16 17:33:48 enter
debug 2025/01/16 17:33:48 login: 124 61
